<?xml version="1.0" encoding="UTF-8"?>
<!-- Generated by org.testng.reporters.JUnitReportReporter -->
<testsuite hostname="admin-PC" failures="0" tests="1" name="scripts.TestCase1" time="8.930" errors="0" timestamp="2023-02-15T15:31:38 IST" skipped="0">
  <testcase classname="scripts.TestCase1" name="testA" time="8.930"/>
  <system-out>
    <![CDATA[Google
XL:]]>
  </system-out>
</testsuite> <!-- scripts.TestCase1 -->
