<?xml version="1.0" encoding="UTF-8"?>
<!-- Generated by org.testng.reporters.JUnitReportReporter -->
<testsuite hostname="admin-PC" failures="0" tests="1" name="scripts.ValidLogin" time="20.643" errors="0" timestamp="2023-02-15T22:58:39 IST" skipped="0">
  <testcase classname="scripts.ValidLogin" name="testValidLogin" time="20.643"/>
  <system-out>
    <![CDATA[HomePage is displayed]]>
  </system-out>
</testsuite> <!-- scripts.ValidLogin -->
