<?xml version="1.0" encoding="UTF-8"?>
<!-- Generated by org.testng.reporters.JUnitReportReporter -->
<testsuite hostname="admin-PC" failures="0" tests="1" name="day28.Demo1" time="8.380" errors="0" timestamp="2023-02-15T00:11:18 IST" skipped="0">
  <testcase classname="day28.Demo1" name="testA" time="8.380"/>
  <system-out/>
</testsuite> <!-- day28.Demo1 -->
